<?xml version="1.0" encoding="UTF-8"?>
<!-- Generated by org.testng.reporters.JUnitReportReporter -->
<testsuite hostname="ShakilKhansMBP3.home" name="com.framework.tests.EmailComposePageTest" tests="3" failures="0" timestamp="11 Feb 2015 16:27:57 GMT" time="57.145" errors="0">
  <testcase name="testGmailInbox" time="48.640" classname="com.framework.tests.EmailComposePageTest"/>
  <testcase name="testSendNewMail" time="2.430" classname="com.framework.tests.EmailComposePageTest"/>
  <testcase name="testNewEmailComposeLink" time="6.075" classname="com.framework.tests.EmailComposePageTest"/>
</testsuite> <!-- com.framework.tests.EmailComposePageTest -->
