<?xml version="1.0" encoding="UTF-8"?>
<!-- Generated by org.testng.reporters.JUnitReportReporter -->
<testsuite hostname="ShakilKhansMBP3.home" name="com.framework.tests.EmailViewPageTest" tests="4" failures="0" timestamp="11 Feb 2015 00:34:06 GMT" time="32.839" errors="0">
  <testcase name="testEmailReply" time="8.031" classname="com.framework.tests.EmailViewPageTest"/>
  <testcase name="testDeleteEmail" time="3.969" classname="com.framework.tests.EmailViewPageTest"/>
  <testcase name="testOpeningRandomEmail" time="2.145" classname="com.framework.tests.EmailViewPageTest"/>
  <testcase name="testGmailInbox" time="18.694" classname="com.framework.tests.EmailViewPageTest"/>
</testsuite> <!-- com.framework.tests.EmailViewPageTest -->
