<?xml version="1.0" encoding="UTF-8"?>
<!-- Generated by org.testng.reporters.JUnitReportReporter -->
<testsuite hostname="ShakilKhansMBP2.home" name="com.framework.tests.GmailInboxPageTest" tests="4" failures="0" timestamp="13 Dec 2014 03:33:38 GMT" time="15.428" errors="0">
  <testcase name="testSocialEmailFolder" time="0.521" classname="com.framework.tests.GmailInboxPageTest"/>
  <testcase name="testPrimaryMailFolder" time="0.287" classname="com.framework.tests.GmailInboxPageTest"/>
  <testcase name="testGmailInbox" time="7.925" classname="com.framework.tests.GmailInboxPageTest"/>
  <testcase name="testPromotionsEmailFolder" time="6.695" classname="com.framework.tests.GmailInboxPageTest"/>
</testsuite> <!-- com.framework.tests.GmailInboxPageTest -->
