<?xml version="1.0" encoding="UTF-8"?>
<!-- Generated by org.testng.reporters.JUnitReportReporter -->
<testsuite hostname="ShakilKhansMBP3.home" name="com.framework.tests.GmailInboxPageTest" tests="3" failures="0" timestamp="10 Feb 2015 19:44:59 GMT" time="10.122" errors="0">
  <testcase name="testGmailInbox" time="7.542" classname="com.framework.tests.GmailInboxPageTest"/>
  <testcase name="testPromotionsEmailFolder" time="0.788" classname="com.framework.tests.GmailInboxPageTest"/>
  <testcase name="testDeleteEmail" time="1.792" classname="com.framework.tests.GmailInboxPageTest"/>
</testsuite> <!-- com.framework.tests.GmailInboxPageTest -->
