<?xml version="1.0" encoding="UTF-8"?>
<!-- Generated by org.testng.reporters.JUnitReportReporter -->
<testsuite hostname="ShakilKhansMBP2.home" name="com.framework.pages.GmailSignInPageTest" tests="1" failures="0" timestamp="13 Dec 2014 01:56:46 GMT" time="8.591" errors="0">
  <testcase name="testGmailSignIn" time="8.591" classname="com.framework.pages.GmailSignInPageTest"/>
</testsuite> <!-- com.framework.pages.GmailSignInPageTest -->
