<?xml version="1.0" encoding="UTF-8"?>
<!-- Generated by org.testng.reporters.JUnitReportReporter -->
<testsuite hostname="ShakilKhansMBP3.home" name="com.framework.tests.GmailSignInPageTest" tests="1" failures="0" timestamp="6 Feb 2015 14:19:46 GMT" time="3.974" errors="0">
  <testcase name="testGmailSignIn" time="3.974" classname="com.framework.tests.GmailSignInPageTest"/>
</testsuite> <!-- com.framework.tests.GmailSignInPageTest -->
