<?xml version="1.0" encoding="UTF-8"?>
<!-- Generated by org.testng.reporters.JUnitReportReporter -->
<testsuite hostname="Shakil-Khans-MacBook-Pro-2.local" name="com.framework.tests.GmailSentMailPageTest" tests="1" failures="0" timestamp="13 Dec 2014 21:33:48 GMT" time="7.719" errors="0">
  <testcase name="testSentMailPage" time="7.719" classname="com.framework.tests.GmailSentMailPageTest"/>
</testsuite> <!-- com.framework.tests.GmailSentMailPageTest -->
