<?xml version="1.0" encoding="UTF-8"?>
<!-- Generated by org.testng.reporters.JUnitReportReporter -->
<testsuite hostname="ShakilKhansMBP3.home" name="com.framework.tests.GmailSentMailPageTest" tests="3" failures="0" timestamp="13 Feb 2015 16:17:02 GMT" time="9.376" errors="0">
  <testcase name="testSentMailPage" time="6.607" classname="com.framework.tests.GmailSentMailPageTest"/>
  <testcase name="testTotalNoOfEmail" time="0.055" classname="com.framework.tests.GmailSentMailPageTest"/>
  <testcase name="testSentMailLink" time="2.714" classname="com.framework.tests.GmailSentMailPageTest"/>
</testsuite> <!-- com.framework.tests.GmailSentMailPageTest -->
