<?xml version="1.0" encoding="UTF-8"?>
<!-- Generated by org.testng.reporters.JUnitReportReporter -->
<testsuite hostname="ShakilKhansMBP2.home" name="com.framework.tests.GmailSignInPageTest" tests="1" failures="0" timestamp="13 Dec 2014 02:10:01 GMT" time="0.100" errors="0">
  <testcase name="testGmailSignIn" time="0.100" classname="com.framework.tests.GmailSignInPageTest"/>
</testsuite> <!-- com.framework.tests.GmailSignInPageTest -->
